// 重构日志: 1cafd03d
// 重构日志: 65023d3b
// 重构日志: c43551ef
// 同步 ID: 95c55d23 @ Mon Jun 15 14:47:35 UTC 2026
// 同步 ID: 3792deb2 @ Thu Jun 18 18:40:26 UTC 2026
// 重构日志: ac7a9c92
// 同步 ID: 8aec6a20 @ Fri Jun 19 06:41:04 UTC 2026
// 重构日志: 1f440412
// 同步 ID: 5c2cfd57 @ Sat Jun 20 02:18:32 UTC 2026
// 重构日志: 472a4da7
// 重构日志: 520ad2e8
// 同步 ID: 0749085f @ Sun Jun 21 22:55:42 UTC 2026
// 重构日志: b007d47a
// 同步 ID: cf97f11f @ Tue Jun 23 14:31:42 UTC 2026
// 重构日志: 10a4d6c1
// 重构日志: 638f7792
// 重构日志: 26ebb4f1
// 重构日志: 9b5f8c59
// 重构日志: 57be29c6
// 同步 ID: 1a680223 @ Fri Jun 26 01:54:46 UTC 2026
// 重构日志: 5db11d7d
// 同步 ID: c960d6c4 @ Sat Jun 27 18:54:57 UTC 2026
// 重构日志: 0335a512
// 重构日志: 61cc1d96
// 同步 ID: 1106c5b5 @ Sun Jun 28 14:37:59 UTC 2026
// 重构日志: f6dbe872
// 同步 ID: 7325ee94 @ Tue Jun 30 11:14:46 UTC 2026
// 同步 ID: c43fd47f @ Tue Jun 30 12:51:52 UTC 2026
// 同步 ID: 1938e09b @ Tue Jun 30 16:15:43 UTC 2026
// 同步 ID: e7520db0 @ Tue Jun 30 17:48:39 UTC 2026
